<?xml version="1.0" ?>
<!DOCTYPE coverage SYSTEM "http://cobertura.sourceforge.net/xml/coverage-04.dtd">
<coverage lines-valid="42" lines-covered="23" line-rate="0.5476" branches-valid="12" branches-covered="2" branch-rate="0.1666" timestamp="1755843905743" complexity="0" version="0.1">
  <sources>
    <source>/Users/minnyinyi/Desktop/work/github-actions-solar-system</source>
  </sources>
  <packages>
    <package name="main" line-rate="0.5476" branch-rate="0.1666">
      <classes>
        <class name="app.js" filename="app.js" line-rate="0.5476" branch-rate="0.1666">
          <methods>
            <method name="(anonymous_0)" hits="0" signature="()V">
              <lines>
                <line number="23" hits="0"/>
              </lines>
            </method>
            <method name="(anonymous_1)" hits="0" signature="()V">
              <lines>
                <line number="46" hits="0"/>
              </lines>
            </method>
            <method name="(anonymous_2)" hits="0" signature="()V">
              <lines>
                <line number="59" hits="0"/>
              </lines>
            </method>
            <method name="(anonymous_3)" hits="0" signature="()V">
              <lines>
                <line number="74" hits="0"/>
              </lines>
            </method>
            <method name="(anonymous_4)" hits="0" signature="()V">
              <lines>
                <line number="79" hits="0"/>
              </lines>
            </method>
            <method name="(anonymous_5)" hits="0" signature="()V">
              <lines>
                <line number="87" hits="0"/>
              </lines>
            </method>
            <method name="(anonymous_6)" hits="0" signature="()V">
              <lines>
                <line number="94" hits="0"/>
              </lines>
            </method>
            <method name="(anonymous_7)" hits="0" signature="()V">
              <lines>
                <line number="101" hits="0"/>
              </lines>
            </method>
          </methods>
          <lines>
            <line number="1" hits="1" branch="false"/>
            <line number="2" hits="1" branch="false"/>
            <line number="3" hits="1" branch="false"/>
            <line number="4" hits="1" branch="false"/>
            <line number="5" hits="1" branch="false"/>
            <line number="6" hits="1" branch="false"/>
            <line number="7" hits="1" branch="false"/>
            <line number="10" hits="1" branch="false"/>
            <line number="12" hits="1" branch="true" condition-coverage="100% (2/2)"/>
            <line number="14" hits="1" branch="false"/>
            <line number="15" hits="1" branch="false"/>
            <line number="16" hits="1" branch="false"/>
            <line number="18" hits="1" branch="false"/>
            <line number="24" hits="0" branch="true" condition-coverage="0% (0/2)"/>
            <line number="25" hits="0" branch="false"/>
            <line number="26" hits="0" branch="false"/>
            <line number="32" hits="1" branch="false"/>
            <line number="34" hits="1" branch="false"/>
            <line number="42" hits="1" branch="false"/>
            <line number="46" hits="1" branch="false"/>
            <line number="51" hits="0" branch="true" condition-coverage="0% (0/4)"/>
            <line number="52" hits="0" branch="false"/>
            <line number="57" hits="0" branch="false"/>
            <line number="60" hits="0" branch="true" condition-coverage="0% (0/2)"/>
            <line number="61" hits="0" branch="false"/>
            <line number="64" hits="0" branch="true" condition-coverage="0% (0/2)"/>
            <line number="65" hits="0" branch="false"/>
            <line number="69" hits="0" branch="false"/>
            <line number="74" hits="1" branch="false"/>
            <line number="75" hits="0" branch="false"/>
            <line number="79" hits="1" branch="false"/>
            <line number="80" hits="0" branch="false"/>
            <line number="81" hits="0" branch="false"/>
            <line number="87" hits="1" branch="false"/>
            <line number="88" hits="0" branch="false"/>
            <line number="89" hits="0" branch="false"/>
            <line number="94" hits="1" branch="false"/>
            <line number="95" hits="0" branch="false"/>
            <line number="96" hits="0" branch="false"/>
            <line number="101" hits="1" branch="false"/>
            <line number="102" hits="0" branch="false"/>
            <line number="106" hits="1" branch="false"/>
          </lines>
        </class>
      </classes>
    </package>
  </packages>
</coverage>
