TN:
SF:app.js
FN:23,(anonymous_0)
FN:46,(anonymous_1)
FN:59,(anonymous_2)
FN:74,(anonymous_3)
FN:79,(anonymous_4)
FN:87,(anonymous_5)
FN:94,(anonymous_6)
FN:101,(anonymous_7)
FNF:8
FNH:0
FNDA:0,(anonymous_0)
FNDA:0,(anonymous_1)
FNDA:0,(anonymous_2)
FNDA:0,(anonymous_3)
FNDA:0,(anonymous_4)
FNDA:0,(anonymous_5)
FNDA:0,(anonymous_6)
FNDA:0,(anonymous_7)
DA:1,1
DA:2,1
DA:3,1
DA:4,1
DA:5,1
DA:6,1
DA:7,1
DA:10,1
DA:12,1
DA:14,1
DA:15,1
DA:16,1
DA:18,1
DA:24,0
DA:25,0
DA:26,0
DA:32,1
DA:34,1
DA:42,1
DA:46,1
DA:51,0
DA:52,0
DA:57,0
DA:60,0
DA:61,0
DA:64,0
DA:65,0
DA:69,0
DA:74,1
DA:75,0
DA:79,1
DA:80,0
DA:81,0
DA:87,1
DA:88,0
DA:89,0
DA:94,1
DA:95,0
DA:96,0
DA:101,1
DA:102,0
DA:106,1
LF:42
LH:23
BRDA:12,0,0,1
BRDA:12,0,1,1
BRDA:24,1,0,0
BRDA:24,1,1,0
BRDA:51,2,0,0
BRDA:51,2,1,0
BRDA:51,3,0,0
BRDA:51,3,1,0
BRDA:60,4,0,0
BRDA:60,4,1,0
BRDA:64,5,0,0
BRDA:64,5,1,0
BRF:12
BRH:2
end_of_record
